2026-01-23 13:50:37 - WARNING - Time não encontrado na normalização - Pinnacle: 'TLN Pirates', Liga: 'LFL'
2026-01-23 13:50:37 - WARNING - Time não encontrado na normalização - Pinnacle: 'Ici Japon Corp', Liga: 'LFL'
2026-01-23 13:50:37 - WARNING - Time não encontrado na normalização - Pinnacle: 'Galions Sharks', Liga: 'LFL'
2026-01-23 13:50:37 - WARNING - Time não encontrado na normalização - Pinnacle: 'ZYB', Liga: 'LFL'
2026-01-23 13:50:37 - WARNING - Time não encontrado na normalização - Pinnacle: 'G2 NORD', Liga: 'Comedy Central Winter Snowdown'
2026-01-23 13:50:37 - WARNING - Time não encontrado na normalização - Pinnacle: 'Eintracht Frankfurt', Liga: 'Comedy Central Winter Snowdown'
2026-01-23 13:50:37 - WARNING - Time não encontrado na normalização - Pinnacle: 'Project Conquerors', Liga: 'LFL'
2026-01-23 13:50:37 - WARNING - Time não encontrado na normalização - Pinnacle: 'Skillcamp', Liga: 'LFL'
2026-01-23 13:50:37 - WARNING - Liga não encontrada na normalização - Pinnacle: 'Arabian League'
2026-01-23 13:50:37 - WARNING - Liga não encontrada na normalização - Pinnacle: 'Hitpoint Masters'
2026-01-23 13:50:37 - WARNING - Time não encontrado na normalização - Pinnacle: 'Brute', Liga: 'Hitpoint Masters'
2026-01-23 13:50:37 - WARNING - Time não encontrado na normalização - Pinnacle: 'Meavedron', Liga: 'Hitpoint Masters'
2026-01-23 13:50:37 - WARNING - Time não encontrado na normalização - Pinnacle: 'Eintracht Spandau', Liga: 'Comedy Central Winter Snowdown'
2026-01-23 13:50:37 - WARNING - Time não encontrado na normalização - Pinnacle: 'Laranja', Liga: 'Comedy Central Winter Snowdown'
2026-01-23 13:50:37 - WARNING - Liga não encontrada na normalização - Pinnacle: 'Hitpoint Masters'
2026-01-23 13:50:37 - WARNING - Time não encontrado na normalização - Pinnacle: 'Diversion', Liga: 'Hitpoint Masters'
2026-01-23 13:50:37 - WARNING - Time não encontrado na normalização - Pinnacle: 'eSuba', Liga: 'Hitpoint Masters'
2026-01-23 13:50:37 - WARNING - Time não encontrado na normalização - Pinnacle: 'Kaufland Hangry Knights', Liga: 'Comedy Central Winter Snowdown'
2026-01-23 13:50:37 - WARNING - Time não encontrado na normalização - Pinnacle: 'Unicorns of Love Sexy Edition', Liga: 'Comedy Central Winter Snowdown'
2026-01-23 13:50:37 - WARNING - Liga não encontrada na normalização - Pinnacle: 'Hitpoint Masters'
2026-01-23 13:50:37 - WARNING - Time não encontrado na normalização - Pinnacle: 'Nightbirds', Liga: 'Hitpoint Masters'
2026-01-23 13:50:37 - WARNING - Time não encontrado na normalização - Pinnacle: 'Inside Games', Liga: 'Hitpoint Masters'
2026-01-23 13:50:37 - WARNING - Time não encontrado na normalização - Pinnacle: 'A One Man Army', Liga: 'Comedy Central Winter Snowdown'
2026-01-23 13:50:37 - WARNING - Time não encontrado na normalização - Pinnacle: 'Eintracht Spandau', Liga: 'Comedy Central Winter Snowdown'
2026-01-23 13:50:37 - WARNING - Liga não encontrada na normalização - Pinnacle: 'Arabian League'
2026-01-23 13:50:37 - WARNING - Liga não encontrada na normalização - Pinnacle: 'Hitpoint Masters'
2026-01-23 13:50:37 - WARNING - Time não encontrado na normalização - Pinnacle: 'Observant Force', Liga: 'Hitpoint Masters'
2026-01-23 13:50:37 - WARNING - Time não encontrado na normalização - Pinnacle: 'ANDROMEDA', Liga: 'Hitpoint Masters'
2026-01-23 13:50:37 - WARNING - Time não encontrado na normalização - Pinnacle: 'Laranja', Liga: 'Comedy Central Winter Snowdown'
2026-01-23 13:50:37 - WARNING - Time não encontrado na normalização - Pinnacle: 'Kaufland Hangry Knights', Liga: 'Comedy Central Winter Snowdown'
2026-01-23 13:50:37 - WARNING - Time não encontrado na normalização - Pinnacle: 'A One Man Army', Liga: 'Comedy Central Winter Snowdown'
2026-01-23 13:50:37 - WARNING - Time não encontrado na normalização - Pinnacle: 'Unicorns of Love Sexy Edition', Liga: 'Comedy Central Winter Snowdown'
2026-01-23 13:50:37 - WARNING - Time não encontrado na normalização - Pinnacle: 'Los Grandes', Liga: 'Copa CBLOL'
2026-01-23 13:50:37 - WARNING - Time não encontrado na normalização - Pinnacle: 'Los Grandes', Liga: 'Copa CBLOL'
2026-01-23 13:54:00 - WARNING - Campeão não encontrado no modelo ML - Liga: 'LPL', Campeão: 'Nocturne', Role: jung, Time: t1
2026-01-23 13:54:00 - WARNING - Campeão não encontrado no modelo ML - Liga: 'LPL', Campeão: 'Anivia', Role: mid, Time: t1
2026-01-23 13:54:00 - WARNING - Campeão não encontrado no modelo ML - Liga: 'LPL', Campeão: 'Lulu', Role: sup, Time: t1
2026-01-23 13:54:00 - WARNING - Campeão não encontrado no modelo ML - Liga: 'LPL', Campeão: 'Dr. Mundo', Role: jung, Time: t2
2026-01-23 13:54:00 - WARNING - Campeão não encontrado no modelo ML - Liga: 'LPL', Campeão: 'Neeko', Role: sup, Time: t2
2026-01-23 13:54:31 - WARNING - Campeão não encontrado no modelo ML - Liga: 'LPL', Campeão: 'Nocturne', Role: jung, Time: t1
2026-01-23 13:54:31 - WARNING - Campeão não encontrado no modelo ML - Liga: 'LPL', Campeão: 'Anivia', Role: mid, Time: t1
2026-01-23 13:54:31 - WARNING - Campeão não encontrado no modelo ML - Liga: 'LPL', Campeão: 'Lulu', Role: sup, Time: t1
2026-01-23 13:54:31 - WARNING - Campeão não encontrado no modelo ML - Liga: 'LPL', Campeão: 'Dr. Mundo', Role: jung, Time: t2
2026-01-23 13:54:31 - WARNING - Campeão não encontrado no modelo ML - Liga: 'LPL', Campeão: 'Neeko', Role: sup, Time: t2
2026-01-23 13:54:31 - WARNING - Campeão não encontrado no modelo ML - Liga: 'LPL', Campeão: 'Nocturne', Role: jung, Time: t1
2026-01-23 13:54:31 - WARNING - Campeão não encontrado no modelo ML - Liga: 'LPL', Campeão: 'Anivia', Role: mid, Time: t1
2026-01-23 13:54:31 - WARNING - Campeão não encontrado no modelo ML - Liga: 'LPL', Campeão: 'Lulu', Role: sup, Time: t1
2026-01-23 13:54:31 - WARNING - Campeão não encontrado no modelo ML - Liga: 'LPL', Campeão: 'Dr. Mundo', Role: jung, Time: t2
2026-01-23 13:54:31 - WARNING - Campeão não encontrado no modelo ML - Liga: 'LPL', Campeão: 'Neeko', Role: sup, Time: t2
2026-01-23 13:54:31 - WARNING - Campeão não encontrado no modelo ML - Liga: 'LPL', Campeão: 'Nocturne', Role: jung, Time: t1
2026-01-23 13:54:31 - WARNING - Campeão não encontrado no modelo ML - Liga: 'LPL', Campeão: 'Anivia', Role: mid, Time: t1
2026-01-23 13:54:31 - WARNING - Campeão não encontrado no modelo ML - Liga: 'LPL', Campeão: 'Lulu', Role: sup, Time: t1
2026-01-23 13:54:31 - WARNING - Campeão não encontrado no modelo ML - Liga: 'LPL', Campeão: 'Dr. Mundo', Role: jung, Time: t2
2026-01-23 13:54:31 - WARNING - Campeão não encontrado no modelo ML - Liga: 'LPL', Campeão: 'Neeko', Role: sup, Time: t2
2026-01-23 13:54:31 - WARNING - Campeão não encontrado no modelo ML - Liga: 'LPL', Campeão: 'Nocturne', Role: jung, Time: t1
2026-01-23 13:54:31 - WARNING - Campeão não encontrado no modelo ML - Liga: 'LPL', Campeão: 'Anivia', Role: mid, Time: t1
2026-01-23 13:54:31 - WARNING - Campeão não encontrado no modelo ML - Liga: 'LPL', Campeão: 'Lulu', Role: sup, Time: t1
2026-01-23 13:54:31 - WARNING - Campeão não encontrado no modelo ML - Liga: 'LPL', Campeão: 'Dr. Mundo', Role: jung, Time: t2
2026-01-23 13:54:31 - WARNING - Campeão não encontrado no modelo ML - Liga: 'LPL', Campeão: 'Neeko', Role: sup, Time: t2
2026-01-23 13:54:31 - WARNING - Campeão não encontrado no modelo ML - Liga: 'LPL', Campeão: 'Nocturne', Role: jung, Time: t1
2026-01-23 13:54:31 - WARNING - Campeão não encontrado no modelo ML - Liga: 'LPL', Campeão: 'Anivia', Role: mid, Time: t1
2026-01-23 13:54:31 - WARNING - Campeão não encontrado no modelo ML - Liga: 'LPL', Campeão: 'Lulu', Role: sup, Time: t1
2026-01-23 13:54:31 - WARNING - Campeão não encontrado no modelo ML - Liga: 'LPL', Campeão: 'Dr. Mundo', Role: jung, Time: t2
2026-01-23 13:54:31 - WARNING - Campeão não encontrado no modelo ML - Liga: 'LPL', Campeão: 'Neeko', Role: sup, Time: t2
2026-01-23 13:54:31 - WARNING - Campeão não encontrado no modelo ML - Liga: 'LPL', Campeão: 'Nocturne', Role: jung, Time: t1
2026-01-23 13:54:31 - WARNING - Campeão não encontrado no modelo ML - Liga: 'LPL', Campeão: 'Anivia', Role: mid, Time: t1
2026-01-23 13:54:31 - WARNING - Campeão não encontrado no modelo ML - Liga: 'LPL', Campeão: 'Lulu', Role: sup, Time: t1
2026-01-23 13:54:31 - WARNING - Campeão não encontrado no modelo ML - Liga: 'LPL', Campeão: 'Dr. Mundo', Role: jung, Time: t2
2026-01-23 13:54:31 - WARNING - Campeão não encontrado no modelo ML - Liga: 'LPL', Campeão: 'Neeko', Role: sup, Time: t2
2026-01-23 13:54:31 - WARNING - Campeão não encontrado no modelo ML - Liga: 'LPL', Campeão: 'Nocturne', Role: jung, Time: t1
2026-01-23 13:54:31 - WARNING - Campeão não encontrado no modelo ML - Liga: 'LPL', Campeão: 'Anivia', Role: mid, Time: t1
2026-01-23 13:54:31 - WARNING - Campeão não encontrado no modelo ML - Liga: 'LPL', Campeão: 'Lulu', Role: sup, Time: t1
2026-01-23 13:54:31 - WARNING - Campeão não encontrado no modelo ML - Liga: 'LPL', Campeão: 'Dr. Mundo', Role: jung, Time: t2
2026-01-23 13:54:31 - WARNING - Campeão não encontrado no modelo ML - Liga: 'LPL', Campeão: 'Neeko', Role: sup, Time: t2
2026-01-23 13:54:31 - WARNING - Campeão não encontrado no modelo ML - Liga: 'LPL', Campeão: 'Nocturne', Role: jung, Time: t1
2026-01-23 13:54:31 - WARNING - Campeão não encontrado no modelo ML - Liga: 'LPL', Campeão: 'Anivia', Role: mid, Time: t1
2026-01-23 13:54:31 - WARNING - Campeão não encontrado no modelo ML - Liga: 'LPL', Campeão: 'Lulu', Role: sup, Time: t1
2026-01-23 13:54:31 - WARNING - Campeão não encontrado no modelo ML - Liga: 'LPL', Campeão: 'Dr. Mundo', Role: jung, Time: t2
2026-01-23 13:54:31 - WARNING - Campeão não encontrado no modelo ML - Liga: 'LPL', Campeão: 'Neeko', Role: sup, Time: t2
2026-01-23 13:54:31 - WARNING - Campeão não encontrado no modelo ML - Liga: 'LPL', Campeão: 'Nocturne', Role: jung, Time: t1
2026-01-23 13:54:31 - WARNING - Campeão não encontrado no modelo ML - Liga: 'LPL', Campeão: 'Anivia', Role: mid, Time: t1
2026-01-23 13:54:31 - WARNING - Campeão não encontrado no modelo ML - Liga: 'LPL', Campeão: 'Lulu', Role: sup, Time: t1
2026-01-23 13:54:31 - WARNING - Campeão não encontrado no modelo ML - Liga: 'LPL', Campeão: 'Dr. Mundo', Role: jung, Time: t2
2026-01-23 13:54:31 - WARNING - Campeão não encontrado no modelo ML - Liga: 'LPL', Campeão: 'Neeko', Role: sup, Time: t2
2026-01-23 13:54:31 - WARNING - Campeão não encontrado no modelo ML - Liga: 'LPL', Campeão: 'Nocturne', Role: jung, Time: t1
2026-01-23 13:54:31 - WARNING - Campeão não encontrado no modelo ML - Liga: 'LPL', Campeão: 'Anivia', Role: mid, Time: t1
2026-01-23 13:54:31 - WARNING - Campeão não encontrado no modelo ML - Liga: 'LPL', Campeão: 'Lulu', Role: sup, Time: t1
2026-01-23 13:54:31 - WARNING - Campeão não encontrado no modelo ML - Liga: 'LPL', Campeão: 'Dr. Mundo', Role: jung, Time: t2
2026-01-23 13:54:31 - WARNING - Campeão não encontrado no modelo ML - Liga: 'LPL', Campeão: 'Neeko', Role: sup, Time: t2
2026-01-23 14:06:01 - WARNING - Time não encontrado na normalização - Pinnacle: 'TLN Pirates', Liga: 'LFL'
2026-01-23 14:06:01 - WARNING - Time não encontrado na normalização - Pinnacle: 'Ici Japon Corp', Liga: 'LFL'
2026-01-23 14:06:01 - WARNING - Time não encontrado na normalização - Pinnacle: 'Galions Sharks', Liga: 'LFL'
2026-01-23 14:06:01 - WARNING - Time não encontrado na normalização - Pinnacle: 'ZYB', Liga: 'LFL'
2026-01-23 14:06:01 - WARNING - Time não encontrado na normalização - Pinnacle: 'G2 NORD', Liga: 'Comedy Central Winter Snowdown'
2026-01-23 14:06:01 - WARNING - Time não encontrado na normalização - Pinnacle: 'Eintracht Frankfurt', Liga: 'Comedy Central Winter Snowdown'
2026-01-23 14:06:02 - WARNING - Time não encontrado na normalização - Pinnacle: 'Project Conquerors', Liga: 'LFL'
2026-01-23 14:06:02 - WARNING - Time não encontrado na normalização - Pinnacle: 'Skillcamp', Liga: 'LFL'
2026-01-23 14:06:02 - WARNING - Liga não encontrada na normalização - Pinnacle: 'Arabian League'
2026-01-23 14:06:02 - WARNING - Liga não encontrada na normalização - Pinnacle: 'Hitpoint Masters'
2026-01-23 14:06:02 - WARNING - Time não encontrado na normalização - Pinnacle: 'Brute', Liga: 'Hitpoint Masters'
2026-01-23 14:06:02 - WARNING - Time não encontrado na normalização - Pinnacle: 'Meavedron', Liga: 'Hitpoint Masters'
2026-01-23 14:06:02 - WARNING - Time não encontrado na normalização - Pinnacle: 'Eintracht Spandau', Liga: 'Comedy Central Winter Snowdown'
2026-01-23 14:06:02 - WARNING - Time não encontrado na normalização - Pinnacle: 'Laranja', Liga: 'Comedy Central Winter Snowdown'
2026-01-23 14:06:02 - WARNING - Liga não encontrada na normalização - Pinnacle: 'Hitpoint Masters'
2026-01-23 14:06:02 - WARNING - Time não encontrado na normalização - Pinnacle: 'Diversion', Liga: 'Hitpoint Masters'
2026-01-23 14:06:02 - WARNING - Time não encontrado na normalização - Pinnacle: 'eSuba', Liga: 'Hitpoint Masters'
2026-01-23 14:06:02 - WARNING - Time não encontrado na normalização - Pinnacle: 'Kaufland Hangry Knights', Liga: 'Comedy Central Winter Snowdown'
2026-01-23 14:06:02 - WARNING - Time não encontrado na normalização - Pinnacle: 'Unicorns of Love Sexy Edition', Liga: 'Comedy Central Winter Snowdown'
2026-01-23 14:06:02 - WARNING - Liga não encontrada na normalização - Pinnacle: 'Hitpoint Masters'
2026-01-23 14:06:02 - WARNING - Time não encontrado na normalização - Pinnacle: 'Nightbirds', Liga: 'Hitpoint Masters'
2026-01-23 14:06:02 - WARNING - Time não encontrado na normalização - Pinnacle: 'Inside Games', Liga: 'Hitpoint Masters'
2026-01-23 14:06:02 - WARNING - Time não encontrado na normalização - Pinnacle: 'A One Man Army', Liga: 'Comedy Central Winter Snowdown'
2026-01-23 14:06:02 - WARNING - Time não encontrado na normalização - Pinnacle: 'Eintracht Spandau', Liga: 'Comedy Central Winter Snowdown'
2026-01-23 14:06:02 - WARNING - Liga não encontrada na normalização - Pinnacle: 'Arabian League'
2026-01-23 14:06:02 - WARNING - Liga não encontrada na normalização - Pinnacle: 'Hitpoint Masters'
2026-01-23 14:06:02 - WARNING - Time não encontrado na normalização - Pinnacle: 'Observant Force', Liga: 'Hitpoint Masters'
2026-01-23 14:06:02 - WARNING - Time não encontrado na normalização - Pinnacle: 'ANDROMEDA', Liga: 'Hitpoint Masters'
2026-01-23 14:06:02 - WARNING - Time não encontrado na normalização - Pinnacle: 'Laranja', Liga: 'Comedy Central Winter Snowdown'
2026-01-23 14:06:02 - WARNING - Time não encontrado na normalização - Pinnacle: 'Kaufland Hangry Knights', Liga: 'Comedy Central Winter Snowdown'
2026-01-23 14:06:02 - WARNING - Time não encontrado na normalização - Pinnacle: 'A One Man Army', Liga: 'Comedy Central Winter Snowdown'
2026-01-23 14:06:02 - WARNING - Time não encontrado na normalização - Pinnacle: 'Unicorns of Love Sexy Edition', Liga: 'Comedy Central Winter Snowdown'
2026-01-23 14:06:02 - WARNING - Time não encontrado na normalização - Pinnacle: 'Los Grandes', Liga: 'Copa CBLOL'
2026-01-23 14:06:02 - WARNING - Time não encontrado na normalização - Pinnacle: 'Los Grandes', Liga: 'Copa CBLOL'
2026-01-23 14:45:15 - WARNING - Time não encontrado na normalização - Pinnacle: 'TLN Pirates', Liga: 'LFL'
2026-01-23 14:45:15 - WARNING - Time não encontrado na normalização - Pinnacle: 'Ici Japon Corp', Liga: 'LFL'
2026-01-23 14:45:15 - WARNING - Time não encontrado na normalização - Pinnacle: 'Galions Sharks', Liga: 'LFL'
2026-01-23 14:45:15 - WARNING - Time não encontrado na normalização - Pinnacle: 'ZYB', Liga: 'LFL'
2026-01-23 14:45:15 - WARNING - Time não encontrado na normalização - Pinnacle: 'G2 NORD', Liga: 'Comedy Central Winter Snowdown'
2026-01-23 14:45:15 - WARNING - Time não encontrado na normalização - Pinnacle: 'Eintracht Frankfurt', Liga: 'Comedy Central Winter Snowdown'
2026-01-23 14:45:15 - WARNING - Time não encontrado na normalização - Pinnacle: 'Project Conquerors', Liga: 'LFL'
2026-01-23 14:45:15 - WARNING - Time não encontrado na normalização - Pinnacle: 'Skillcamp', Liga: 'LFL'
2026-01-23 14:45:15 - WARNING - Liga não encontrada na normalização - Pinnacle: 'Arabian League'
2026-01-23 14:45:15 - WARNING - Liga não encontrada na normalização - Pinnacle: 'Hitpoint Masters'
2026-01-23 14:45:15 - WARNING - Time não encontrado na normalização - Pinnacle: 'Brute', Liga: 'Hitpoint Masters'
2026-01-23 14:45:15 - WARNING - Time não encontrado na normalização - Pinnacle: 'Meavedron', Liga: 'Hitpoint Masters'
2026-01-23 14:45:15 - WARNING - Time não encontrado na normalização - Pinnacle: 'Eintracht Spandau', Liga: 'Comedy Central Winter Snowdown'
2026-01-23 14:45:15 - WARNING - Time não encontrado na normalização - Pinnacle: 'Laranja', Liga: 'Comedy Central Winter Snowdown'
2026-01-23 14:45:15 - WARNING - Liga não encontrada na normalização - Pinnacle: 'Hitpoint Masters'
2026-01-23 14:45:15 - WARNING - Time não encontrado na normalização - Pinnacle: 'Diversion', Liga: 'Hitpoint Masters'
2026-01-23 14:45:15 - WARNING - Time não encontrado na normalização - Pinnacle: 'eSuba', Liga: 'Hitpoint Masters'
2026-01-23 14:45:15 - WARNING - Time não encontrado na normalização - Pinnacle: 'Kaufland Hangry Knights', Liga: 'Comedy Central Winter Snowdown'
2026-01-23 14:45:15 - WARNING - Time não encontrado na normalização - Pinnacle: 'Unicorns of Love Sexy Edition', Liga: 'Comedy Central Winter Snowdown'
2026-01-23 14:45:15 - WARNING - Liga não encontrada na normalização - Pinnacle: 'Hitpoint Masters'
2026-01-23 14:45:15 - WARNING - Time não encontrado na normalização - Pinnacle: 'Nightbirds', Liga: 'Hitpoint Masters'
2026-01-23 14:45:15 - WARNING - Time não encontrado na normalização - Pinnacle: 'Inside Games', Liga: 'Hitpoint Masters'
2026-01-23 14:45:15 - WARNING - Time não encontrado na normalização - Pinnacle: 'A One Man Army', Liga: 'Comedy Central Winter Snowdown'
2026-01-23 14:45:15 - WARNING - Time não encontrado na normalização - Pinnacle: 'Eintracht Spandau', Liga: 'Comedy Central Winter Snowdown'
2026-01-23 14:45:15 - WARNING - Liga não encontrada na normalização - Pinnacle: 'Arabian League'
2026-01-23 14:45:15 - WARNING - Liga não encontrada na normalização - Pinnacle: 'Hitpoint Masters'
2026-01-23 14:45:15 - WARNING - Time não encontrado na normalização - Pinnacle: 'Observant Force', Liga: 'Hitpoint Masters'
2026-01-23 14:45:15 - WARNING - Time não encontrado na normalização - Pinnacle: 'ANDROMEDA', Liga: 'Hitpoint Masters'
2026-01-23 14:45:15 - WARNING - Time não encontrado na normalização - Pinnacle: 'Laranja', Liga: 'Comedy Central Winter Snowdown'
2026-01-23 14:45:15 - WARNING - Time não encontrado na normalização - Pinnacle: 'Kaufland Hangry Knights', Liga: 'Comedy Central Winter Snowdown'
2026-01-23 14:45:15 - WARNING - Time não encontrado na normalização - Pinnacle: 'A One Man Army', Liga: 'Comedy Central Winter Snowdown'
2026-01-23 14:45:15 - WARNING - Time não encontrado na normalização - Pinnacle: 'Unicorns of Love Sexy Edition', Liga: 'Comedy Central Winter Snowdown'
2026-01-23 14:45:15 - WARNING - Time não encontrado na normalização - Pinnacle: 'Los Grandes', Liga: 'Copa CBLOL'
2026-01-23 14:45:15 - WARNING - Time não encontrado na normalização - Pinnacle: 'Los Grandes', Liga: 'Copa CBLOL'
2026-01-23 14:45:32 - WARNING - Time não encontrado na normalização - Pinnacle: 'TLN Pirates', Liga: 'LFL'
2026-01-23 14:45:32 - WARNING - Time não encontrado na normalização - Pinnacle: 'Ici Japon Corp', Liga: 'LFL'
2026-01-23 14:45:32 - WARNING - Time não encontrado na normalização - Pinnacle: 'Galions Sharks', Liga: 'LFL'
2026-01-23 14:45:32 - WARNING - Time não encontrado na normalização - Pinnacle: 'ZYB', Liga: 'LFL'
2026-01-23 14:45:32 - WARNING - Time não encontrado na normalização - Pinnacle: 'G2 NORD', Liga: 'Comedy Central Winter Snowdown'
2026-01-23 14:45:32 - WARNING - Time não encontrado na normalização - Pinnacle: 'Eintracht Frankfurt', Liga: 'Comedy Central Winter Snowdown'
2026-01-23 14:45:32 - WARNING - Time não encontrado na normalização - Pinnacle: 'Project Conquerors', Liga: 'LFL'
2026-01-23 14:45:32 - WARNING - Time não encontrado na normalização - Pinnacle: 'Skillcamp', Liga: 'LFL'
2026-01-23 14:45:32 - WARNING - Liga não encontrada na normalização - Pinnacle: 'Arabian League'
2026-01-23 14:45:32 - WARNING - Liga não encontrada na normalização - Pinnacle: 'Hitpoint Masters'
2026-01-23 14:45:32 - WARNING - Time não encontrado na normalização - Pinnacle: 'Brute', Liga: 'Hitpoint Masters'
2026-01-23 14:45:32 - WARNING - Time não encontrado na normalização - Pinnacle: 'Meavedron', Liga: 'Hitpoint Masters'
2026-01-23 14:45:32 - WARNING - Time não encontrado na normalização - Pinnacle: 'Eintracht Spandau', Liga: 'Comedy Central Winter Snowdown'
2026-01-23 14:45:32 - WARNING - Time não encontrado na normalização - Pinnacle: 'Laranja', Liga: 'Comedy Central Winter Snowdown'
2026-01-23 14:45:32 - WARNING - Liga não encontrada na normalização - Pinnacle: 'Hitpoint Masters'
2026-01-23 14:45:32 - WARNING - Time não encontrado na normalização - Pinnacle: 'Diversion', Liga: 'Hitpoint Masters'
2026-01-23 14:45:32 - WARNING - Time não encontrado na normalização - Pinnacle: 'eSuba', Liga: 'Hitpoint Masters'
2026-01-23 14:45:32 - WARNING - Time não encontrado na normalização - Pinnacle: 'Kaufland Hangry Knights', Liga: 'Comedy Central Winter Snowdown'
2026-01-23 14:45:32 - WARNING - Time não encontrado na normalização - Pinnacle: 'Unicorns of Love Sexy Edition', Liga: 'Comedy Central Winter Snowdown'
2026-01-23 14:45:32 - WARNING - Liga não encontrada na normalização - Pinnacle: 'Hitpoint Masters'
2026-01-23 14:45:32 - WARNING - Time não encontrado na normalização - Pinnacle: 'Nightbirds', Liga: 'Hitpoint Masters'
2026-01-23 14:45:32 - WARNING - Time não encontrado na normalização - Pinnacle: 'Inside Games', Liga: 'Hitpoint Masters'
2026-01-23 14:45:32 - WARNING - Time não encontrado na normalização - Pinnacle: 'A One Man Army', Liga: 'Comedy Central Winter Snowdown'
2026-01-23 14:45:32 - WARNING - Time não encontrado na normalização - Pinnacle: 'Eintracht Spandau', Liga: 'Comedy Central Winter Snowdown'
2026-01-23 14:45:32 - WARNING - Liga não encontrada na normalização - Pinnacle: 'Arabian League'
2026-01-23 14:45:32 - WARNING - Liga não encontrada na normalização - Pinnacle: 'Hitpoint Masters'
2026-01-23 14:45:32 - WARNING - Time não encontrado na normalização - Pinnacle: 'Observant Force', Liga: 'Hitpoint Masters'
2026-01-23 14:45:32 - WARNING - Time não encontrado na normalização - Pinnacle: 'ANDROMEDA', Liga: 'Hitpoint Masters'
2026-01-23 14:45:32 - WARNING - Time não encontrado na normalização - Pinnacle: 'Laranja', Liga: 'Comedy Central Winter Snowdown'
2026-01-23 14:45:32 - WARNING - Time não encontrado na normalização - Pinnacle: 'Kaufland Hangry Knights', Liga: 'Comedy Central Winter Snowdown'
2026-01-23 14:45:32 - WARNING - Time não encontrado na normalização - Pinnacle: 'A One Man Army', Liga: 'Comedy Central Winter Snowdown'
2026-01-23 14:45:32 - WARNING - Time não encontrado na normalização - Pinnacle: 'Unicorns of Love Sexy Edition', Liga: 'Comedy Central Winter Snowdown'
2026-01-23 14:45:32 - WARNING - Time não encontrado na normalização - Pinnacle: 'Los Grandes', Liga: 'Copa CBLOL'
2026-01-23 14:45:32 - WARNING - Time não encontrado na normalização - Pinnacle: 'Los Grandes', Liga: 'Copa CBLOL'
